app/build/intermediates/manifest_merge_blame_file/debug/manifest-merger-blame-debug-report.txt
1<?xml version="1.0" encoding="utf-8"?>
2<manifest xmlns:android="http://schemas.android.com/apk/res/android"
3    package="com.example.kakihomeui"
4    android:versionCode="1"
5    android:versionName="1.0" >
6
7    <uses-sdk
8        android:minSdkVersion="21"
8-->src\main\AndroidManifest.xml
9        android:targetSdkVersion="32" />
9-->src\main\AndroidManifest.xml
10
11    <uses-permission android:name="android.permission.INTERNET" />
11-->src\main\AndroidManifest.xml:6:5-66
11-->src\main\AndroidManifest.xml:6:22-64
12    <uses-permission android:name="android.permission.ACCESS_NETWORK_STATE" />
12-->[com.google.firebase:firebase-auth:21.0.7] AndroidManifest.xml:24:5-79
12-->[com.google.firebase:firebase-auth:21.0.7] AndroidManifest.xml:24:22-76
13    <uses-permission android:name="android.permission.WAKE_LOCK" />
13-->[com.google.android.gms:play-services-measurement-api:21.1.0] AndroidManifest.xml:24:5-68
13-->[com.google.android.gms:play-services-measurement-api:21.1.0] AndroidManifest.xml:24:22-65
14    <uses-permission android:name="com.google.android.gms.permission.AD_ID" />
14-->[com.google.android.gms:play-services-measurement-api:21.1.0] AndroidManifest.xml:25:5-79
14-->[com.google.android.gms:play-services-measurement-api:21.1.0] AndroidManifest.xml:25:22-76
15    <uses-permission android:name="com.google.android.finsky.permission.BIND_GET_INSTALL_REFERRER_SERVICE" />
15-->[com.google.android.gms:play-services-measurement:21.1.0] AndroidManifest.xml:26:5-110
15-->[com.google.android.gms:play-services-measurement:21.1.0] AndroidManifest.xml:26:22-107
16
17    <application
17-->src\main\AndroidManifest.xml:7:5-47:19
18        android:allowBackup="true"
18-->src\main\AndroidManifest.xml:8:9-35
19        android:appComponentFactory="androidx.core.app.CoreComponentFactory"
19-->[androidx.core:core:1.8.0] AndroidManifest.xml:24:18-86
20        android:dataExtractionRules="@xml/data_extraction_rules"
20-->src\main\AndroidManifest.xml:9:9-65
21        android:debuggable="true"
22        android:fullBackupContent="@xml/backup_rules"
22-->src\main\AndroidManifest.xml:10:9-54
23        android:icon="@mipmap/ic_launcher"
23-->src\main\AndroidManifest.xml:11:9-43
24        android:label="@string/app_name"
24-->src\main\AndroidManifest.xml:12:9-41
25        android:roundIcon="@mipmap/ic_launcher_round"
25-->src\main\AndroidManifest.xml:13:9-54
26        android:supportsRtl="true"
26-->src\main\AndroidManifest.xml:14:9-35
27        android:testOnly="true"
28        android:theme="@style/Theme.KAKIHomeUI" >
28-->src\main\AndroidManifest.xml:15:9-48
29        <activity
29-->src\main\AndroidManifest.xml:17:9-19:40
30            android:name="com.example.kakihomeui.addpost1"
30-->src\main\AndroidManifest.xml:18:13-37
31            android:exported="false" />
31-->src\main\AndroidManifest.xml:19:13-37
32        <activity
32-->src\main\AndroidManifest.xml:20:9-22:40
33            android:name="com.example.kakihomeui.profile"
33-->src\main\AndroidManifest.xml:21:13-36
34            android:exported="false" />
34-->src\main\AndroidManifest.xml:22:13-37
35        <activity
35-->src\main\AndroidManifest.xml:23:9-25:40
36            android:name="com.example.kakihomeui.chat"
36-->src\main\AndroidManifest.xml:24:13-33
37            android:exported="false" />
37-->src\main\AndroidManifest.xml:25:13-37
38        <activity
38-->src\main\AndroidManifest.xml:26:9-28:40
39            android:name="com.example.kakihomeui.friends"
39-->src\main\AndroidManifest.xml:27:13-36
40            android:exported="false" />
40-->src\main\AndroidManifest.xml:28:13-37
41        <activity
41-->src\main\AndroidManifest.xml:29:9-31:40
42            android:name="com.example.kakihomeui.sign_up"
42-->src\main\AndroidManifest.xml:30:13-36
43            android:exported="false" />
43-->src\main\AndroidManifest.xml:31:13-37
44        <activity
44-->src\main\AndroidManifest.xml:32:9-34:40
45            android:name="com.example.kakihomeui.sign_in"
45-->src\main\AndroidManifest.xml:33:13-36
46            android:exported="false" />
46-->src\main\AndroidManifest.xml:34:13-37
47        <activity
47-->src\main\AndroidManifest.xml:35:9-37:40
48            android:name="com.example.kakihomeui.MainActivity"
48-->src\main\AndroidManifest.xml:36:13-41
49            android:exported="false" />
49-->src\main\AndroidManifest.xml:37:13-37
50        <activity
50-->src\main\AndroidManifest.xml:38:9-46:20
51            android:name="com.example.kakihomeui.intro_activity"
51-->src\main\AndroidManifest.xml:39:13-43
52            android:exported="true" >
52-->src\main\AndroidManifest.xml:40:13-36
53            <intent-filter>
53-->src\main\AndroidManifest.xml:41:13-45:29
54                <action android:name="android.intent.action.MAIN" />
54-->src\main\AndroidManifest.xml:42:17-69
54-->src\main\AndroidManifest.xml:42:25-66
55
56                <category android:name="android.intent.category.LAUNCHER" />
56-->src\main\AndroidManifest.xml:44:17-77
56-->src\main\AndroidManifest.xml:44:27-74
57            </intent-filter>
58        </activity>
59        <activity
59-->[com.google.firebase:firebase-auth:21.0.7] AndroidManifest.xml:27:9-44:20
60            android:name="com.google.firebase.auth.internal.GenericIdpActivity"
60-->[com.google.firebase:firebase-auth:21.0.7] AndroidManifest.xml:28:13-80
61            android:excludeFromRecents="true"
61-->[com.google.firebase:firebase-auth:21.0.7] AndroidManifest.xml:29:13-46
62            android:exported="true"
62-->[com.google.firebase:firebase-auth:21.0.7] AndroidManifest.xml:30:13-36
63            android:launchMode="singleTask"
63-->[com.google.firebase:firebase-auth:21.0.7] AndroidManifest.xml:31:13-44
64            android:theme="@android:style/Theme.Translucent.NoTitleBar" >
64-->[com.google.firebase:firebase-auth:21.0.7] AndroidManifest.xml:32:13-72
65            <intent-filter>
65-->[com.google.firebase:firebase-auth:21.0.7] AndroidManifest.xml:33:13-43:29
66                <action android:name="android.intent.action.VIEW" />
66-->[com.google.firebase:firebase-auth:21.0.7] AndroidManifest.xml:34:17-69
66-->[com.google.firebase:firebase-auth:21.0.7] AndroidManifest.xml:34:25-66
67
68                <category android:name="android.intent.category.DEFAULT" />
68-->[com.google.firebase:firebase-auth:21.0.7] AndroidManifest.xml:36:17-76
68-->[com.google.firebase:firebase-auth:21.0.7] AndroidManifest.xml:36:27-73
69                <category android:name="android.intent.category.BROWSABLE" />
69-->[com.google.firebase:firebase-auth:21.0.7] AndroidManifest.xml:37:17-78
69-->[com.google.firebase:firebase-auth:21.0.7] AndroidManifest.xml:37:27-75
70
71                <data
71-->[com.google.firebase:firebase-auth:21.0.7] AndroidManifest.xml:39:17-42:51
72                    android:host="firebase.auth"
72-->[com.google.firebase:firebase-auth:21.0.7] AndroidManifest.xml:40:21-49
73                    android:path="/"
73-->[com.google.firebase:firebase-auth:21.0.7] AndroidManifest.xml:41:21-37
74                    android:scheme="genericidp" />
74-->[com.google.firebase:firebase-auth:21.0.7] AndroidManifest.xml:42:21-48
75            </intent-filter>
76        </activity>
77        <activity
77-->[com.google.firebase:firebase-auth:21.0.7] AndroidManifest.xml:45:9-62:20
78            android:name="com.google.firebase.auth.internal.RecaptchaActivity"
78-->[com.google.firebase:firebase-auth:21.0.7] AndroidManifest.xml:46:13-79
79            android:excludeFromRecents="true"
79-->[com.google.firebase:firebase-auth:21.0.7] AndroidManifest.xml:47:13-46
80            android:exported="true"
80-->[com.google.firebase:firebase-auth:21.0.7] AndroidManifest.xml:48:13-36
81            android:launchMode="singleTask"
81-->[com.google.firebase:firebase-auth:21.0.7] AndroidManifest.xml:49:13-44
82            android:theme="@android:style/Theme.Translucent.NoTitleBar" >
82-->[com.google.firebase:firebase-auth:21.0.7] AndroidManifest.xml:50:13-72
83            <intent-filter>
83-->[com.google.firebase:firebase-auth:21.0.7] AndroidManifest.xml:51:13-61:29
84                <action android:name="android.intent.action.VIEW" />
84-->[com.google.firebase:firebase-auth:21.0.7] AndroidManifest.xml:34:17-69
84-->[com.google.firebase:firebase-auth:21.0.7] AndroidManifest.xml:34:25-66
85
86                <category android:name="android.intent.category.DEFAULT" />
86-->[com.google.firebase:firebase-auth:21.0.7] AndroidManifest.xml:36:17-76
86-->[com.google.firebase:firebase-auth:21.0.7] AndroidManifest.xml:36:27-73
87                <category android:name="android.intent.category.BROWSABLE" />
87-->[com.google.firebase:firebase-auth:21.0.7] AndroidManifest.xml:37:17-78
87-->[com.google.firebase:firebase-auth:21.0.7] AndroidManifest.xml:37:27-75
88
89                <data
89-->[com.google.firebase:firebase-auth:21.0.7] AndroidManifest.xml:39:17-42:51
90                    android:host="firebase.auth"
90-->[com.google.firebase:firebase-auth:21.0.7] AndroidManifest.xml:40:21-49
91                    android:path="/"
91-->[com.google.firebase:firebase-auth:21.0.7] AndroidManifest.xml:41:21-37
92                    android:scheme="recaptcha" />
92-->[com.google.firebase:firebase-auth:21.0.7] AndroidManifest.xml:42:21-48
93            </intent-filter>
94        </activity>
95
96        <service
96-->[com.google.firebase:firebase-auth:21.0.7] AndroidManifest.xml:64:9-70:19
97            android:name="com.google.firebase.components.ComponentDiscoveryService"
97-->[com.google.firebase:firebase-auth:21.0.7] AndroidManifest.xml:65:13-84
98            android:directBootAware="true"
98-->[com.google.firebase:firebase-common:20.1.1] AndroidManifest.xml:35:13-43
99            android:exported="false" >
99-->[com.google.firebase:firebase-auth:21.0.7] AndroidManifest.xml:66:13-37
100            <meta-data
100-->[com.google.firebase:firebase-auth:21.0.7] AndroidManifest.xml:67:13-69:85
101                android:name="com.google.firebase.components:com.google.firebase.auth.FirebaseAuthRegistrar"
101-->[com.google.firebase:firebase-auth:21.0.7] AndroidManifest.xml:68:17-109
102                android:value="com.google.firebase.components.ComponentRegistrar" />
102-->[com.google.firebase:firebase-auth:21.0.7] AndroidManifest.xml:69:17-82
103            <meta-data
103-->[com.google.firebase:firebase-database:20.0.5] AndroidManifest.xml:32:13-34:85
104                android:name="com.google.firebase.components:com.google.firebase.database.DatabaseRegistrar"
104-->[com.google.firebase:firebase-database:20.0.5] AndroidManifest.xml:33:17-109
105                android:value="com.google.firebase.components.ComponentRegistrar" />
105-->[com.google.firebase:firebase-database:20.0.5] AndroidManifest.xml:34:17-82
106            <meta-data
106-->[com.google.firebase:firebase-storage:20.0.1] AndroidManifest.xml:33:13-35:85
107                android:name="com.google.firebase.components:com.google.firebase.storage.StorageRegistrar"
107-->[com.google.firebase:firebase-storage:20.0.1] AndroidManifest.xml:34:17-107
108                android:value="com.google.firebase.components.ComponentRegistrar" />
108-->[com.google.firebase:firebase-storage:20.0.1] AndroidManifest.xml:35:17-82
109            <meta-data
109-->[com.google.firebase:firebase-dynamic-links:21.0.1] AndroidManifest.xml:27:13-29:85
110                android:name="com.google.firebase.components:com.google.firebase.dynamiclinks.internal.FirebaseDynamicLinkRegistrar"
110-->[com.google.firebase:firebase-dynamic-links:21.0.1] AndroidManifest.xml:28:17-133
111                android:value="com.google.firebase.components.ComponentRegistrar" />
111-->[com.google.firebase:firebase-dynamic-links:21.0.1] AndroidManifest.xml:29:17-82
112            <meta-data
112-->[com.google.android.gms:play-services-measurement-api:21.1.0] AndroidManifest.xml:31:13-33:85
113                android:name="com.google.firebase.components:com.google.firebase.analytics.connector.internal.AnalyticsConnectorRegistrar"
113-->[com.google.android.gms:play-services-measurement-api:21.1.0] AndroidManifest.xml:32:17-139
114                android:value="com.google.firebase.components.ComponentRegistrar" />
114-->[com.google.android.gms:play-services-measurement-api:21.1.0] AndroidManifest.xml:33:17-82
115            <meta-data
115-->[com.google.firebase:firebase-installations:17.0.1] AndroidManifest.xml:18:13-20:85
116                android:name="com.google.firebase.components:com.google.firebase.installations.FirebaseInstallationsRegistrar"
116-->[com.google.firebase:firebase-installations:17.0.1] AndroidManifest.xml:19:17-127
117                android:value="com.google.firebase.components.ComponentRegistrar" />
117-->[com.google.firebase:firebase-installations:17.0.1] AndroidManifest.xml:20:17-82
118        </service>
119
120        <activity
120-->[com.google.android.gms:play-services-appinvite:17.0.0] AndroidManifest.xml:25:9-34:20
121            android:name="com.google.android.gms.appinvite.PreviewActivity"
121-->[com.google.android.gms:play-services-appinvite:17.0.0] AndroidManifest.xml:26:13-76
122            android:exported="true"
122-->[com.google.android.gms:play-services-appinvite:17.0.0] AndroidManifest.xml:27:13-36
123            android:theme="@style/Theme.AppInvite.Preview" >
123-->[com.google.android.gms:play-services-appinvite:17.0.0] AndroidManifest.xml:28:13-59
124            <intent-filter>
124-->[com.google.android.gms:play-services-appinvite:17.0.0] AndroidManifest.xml:29:13-33:29
125                <action android:name="com.google.android.gms.appinvite.ACTION_PREVIEW" />
125-->[com.google.android.gms:play-services-appinvite:17.0.0] AndroidManifest.xml:30:17-90
125-->[com.google.android.gms:play-services-appinvite:17.0.0] AndroidManifest.xml:30:25-87
126
127                <category android:name="android.intent.category.DEFAULT" />
127-->[com.google.firebase:firebase-auth:21.0.7] AndroidManifest.xml:36:17-76
127-->[com.google.firebase:firebase-auth:21.0.7] AndroidManifest.xml:36:27-73
128            </intent-filter>
129        </activity>
130
131        <provider
131-->[com.google.firebase:firebase-common:20.1.1] AndroidManifest.xml:26:9-31:39
132            android:name="com.google.firebase.provider.FirebaseInitProvider"
132-->[com.google.firebase:firebase-common:20.1.1] AndroidManifest.xml:27:13-77
133            android:authorities="com.example.kakihomeui.firebaseinitprovider"
133-->[com.google.firebase:firebase-common:20.1.1] AndroidManifest.xml:28:13-72
134            android:directBootAware="true"
134-->[com.google.firebase:firebase-common:20.1.1] AndroidManifest.xml:29:13-43
135            android:exported="false"
135-->[com.google.firebase:firebase-common:20.1.1] AndroidManifest.xml:30:13-37
136            android:initOrder="100" />
136-->[com.google.firebase:firebase-common:20.1.1] AndroidManifest.xml:31:13-36
137
138        <activity
138-->[com.google.android.gms:play-services-base:18.0.1] AndroidManifest.xml:20:9-22:45
139            android:name="com.google.android.gms.common.api.GoogleApiActivity"
139-->[com.google.android.gms:play-services-base:18.0.1] AndroidManifest.xml:20:19-85
140            android:exported="false"
140-->[com.google.android.gms:play-services-base:18.0.1] AndroidManifest.xml:22:19-43
141            android:theme="@android:style/Theme.Translucent.NoTitleBar" />
141-->[com.google.android.gms:play-services-base:18.0.1] AndroidManifest.xml:21:19-78
142
143        <receiver
143-->[com.google.android.gms:play-services-measurement:21.1.0] AndroidManifest.xml:29:9-33:20
144            android:name="com.google.android.gms.measurement.AppMeasurementReceiver"
144-->[com.google.android.gms:play-services-measurement:21.1.0] AndroidManifest.xml:30:13-85
145            android:enabled="true"
145-->[com.google.android.gms:play-services-measurement:21.1.0] AndroidManifest.xml:31:13-35
146            android:exported="false" >
146-->[com.google.android.gms:play-services-measurement:21.1.0] AndroidManifest.xml:32:13-37
147        </receiver>
148
149        <service
149-->[com.google.android.gms:play-services-measurement:21.1.0] AndroidManifest.xml:35:9-38:40
150            android:name="com.google.android.gms.measurement.AppMeasurementService"
150-->[com.google.android.gms:play-services-measurement:21.1.0] AndroidManifest.xml:36:13-84
151            android:enabled="true"
151-->[com.google.android.gms:play-services-measurement:21.1.0] AndroidManifest.xml:37:13-35
152            android:exported="false" />
152-->[com.google.android.gms:play-services-measurement:21.1.0] AndroidManifest.xml:38:13-37
153        <service
153-->[com.google.android.gms:play-services-measurement:21.1.0] AndroidManifest.xml:39:9-43:72
154            android:name="com.google.android.gms.measurement.AppMeasurementJobService"
154-->[com.google.android.gms:play-services-measurement:21.1.0] AndroidManifest.xml:40:13-87
155            android:enabled="true"
155-->[com.google.android.gms:play-services-measurement:21.1.0] AndroidManifest.xml:41:13-35
156            android:exported="false"
156-->[com.google.android.gms:play-services-measurement:21.1.0] AndroidManifest.xml:42:13-37
157            android:permission="android.permission.BIND_JOB_SERVICE" />
157-->[com.google.android.gms:play-services-measurement:21.1.0] AndroidManifest.xml:43:13-69
158
159        <meta-data
159-->[com.google.android.gms:play-services-basement:18.0.0] AndroidManifest.xml:21:9-23:69
160            android:name="com.google.android.gms.version"
160-->[com.google.android.gms:play-services-basement:18.0.0] AndroidManifest.xml:22:13-58
161            android:value="@integer/google_play_services_version" />
161-->[com.google.android.gms:play-services-basement:18.0.0] AndroidManifest.xml:23:13-66
162
163        <provider
163-->[androidx.emoji2:emoji2:1.2.0] AndroidManifest.xml:24:9-32:20
164            android:name="androidx.startup.InitializationProvider"
164-->[androidx.emoji2:emoji2:1.2.0] AndroidManifest.xml:25:13-67
165            android:authorities="com.example.kakihomeui.androidx-startup"
165-->[androidx.emoji2:emoji2:1.2.0] AndroidManifest.xml:26:13-68
166            android:exported="false" >
166-->[androidx.emoji2:emoji2:1.2.0] AndroidManifest.xml:27:13-37
167            <meta-data
167-->[androidx.emoji2:emoji2:1.2.0] AndroidManifest.xml:29:13-31:52
168                android:name="androidx.emoji2.text.EmojiCompatInitializer"
168-->[androidx.emoji2:emoji2:1.2.0] AndroidManifest.xml:30:17-75
169                android:value="androidx.startup" />
169-->[androidx.emoji2:emoji2:1.2.0] AndroidManifest.xml:31:17-49
170            <meta-data
170-->[androidx.lifecycle:lifecycle-process:2.4.1] AndroidManifest.xml:31:13-33:52
171                android:name="androidx.lifecycle.ProcessLifecycleInitializer"
171-->[androidx.lifecycle:lifecycle-process:2.4.1] AndroidManifest.xml:32:17-78
172                android:value="androidx.startup" />
172-->[androidx.lifecycle:lifecycle-process:2.4.1] AndroidManifest.xml:33:17-49
173        </provider>
174    </application>
175
176</manifest>